c:\users\vasil\desktop\programming\code\c++\brightness_ctrl\brightness_ctrl\x64\debug\vcpkg.applocal.log
c:\users\vasil\desktop\programming\code\c++\brightness_ctrl\x64\debug\opencv_cored.dll
c:\users\vasil\desktop\programming\code\c++\brightness_ctrl\x64\debug\zlibd1.dll
c:\users\vasil\desktop\programming\code\c++\brightness_ctrl\x64\debug\opencv_highguid.dll
c:\users\vasil\desktop\programming\code\c++\brightness_ctrl\x64\debug\opencv_videoiod.dll
c:\users\vasil\desktop\programming\code\c++\brightness_ctrl\x64\debug\opencv_imgcodecsd.dll
c:\users\vasil\desktop\programming\code\c++\brightness_ctrl\x64\debug\opencv_imgprocd.dll
c:\users\vasil\desktop\programming\code\c++\brightness_ctrl\x64\debug\jpeg62.dll
c:\users\vasil\desktop\programming\code\c++\brightness_ctrl\x64\debug\webpd.dll
c:\users\vasil\desktop\programming\code\c++\brightness_ctrl\x64\debug\libpng16d.dll
c:\users\vasil\desktop\programming\code\c++\brightness_ctrl\x64\debug\tiffd.dll
c:\users\vasil\desktop\programming\code\c++\brightness_ctrl\x64\debug\lzmad.dll
c:\users\vasil\desktop\programming\code\c++\brightness_ctrl\brightness_ctrl\x64\debug\vc142.pdb
c:\users\vasil\desktop\programming\code\c++\brightness_ctrl\brightness_ctrl\x64\debug\vc142.idb
c:\users\vasil\desktop\programming\code\c++\brightness_ctrl\brightness_ctrl\x64\debug\brightness_ctrl.obj
c:\users\vasil\desktop\programming\code\c++\brightness_ctrl\x64\debug\brightness_ctrl.exe
c:\users\vasil\desktop\programming\code\c++\brightness_ctrl\x64\debug\brightness_ctrl.ilk
c:\users\vasil\desktop\programming\code\c++\brightness_ctrl\x64\debug\brightness_ctrl.pdb
c:\users\vasil\desktop\programming\code\c++\brightness_ctrl\brightness_ctrl\x64\debug\brightness_ctrl.new.obj.enc
c:\users\vasil\desktop\programming\code\c++\brightness_ctrl\brightness_ctrl\x64\debug\brightness_ctrl.tlog\brightness_ctrl.write.1u.tlog
c:\users\vasil\desktop\programming\code\c++\brightness_ctrl\brightness_ctrl\x64\debug\brightness_ctrl.tlog\cl.command.1.tlog
c:\users\vasil\desktop\programming\code\c++\brightness_ctrl\brightness_ctrl\x64\debug\brightness_ctrl.tlog\cl.read.1.tlog
c:\users\vasil\desktop\programming\code\c++\brightness_ctrl\brightness_ctrl\x64\debug\brightness_ctrl.tlog\cl.write.1.tlog
c:\users\vasil\desktop\programming\code\c++\brightness_ctrl\brightness_ctrl\x64\debug\brightness_ctrl.tlog\link.command.1.tlog
c:\users\vasil\desktop\programming\code\c++\brightness_ctrl\brightness_ctrl\x64\debug\brightness_ctrl.tlog\link.read.1.tlog
c:\users\vasil\desktop\programming\code\c++\brightness_ctrl\brightness_ctrl\x64\debug\brightness_ctrl.tlog\link.write.1.tlog
